<?xml version="1.0" encoding="UTF-8"?>
<!-- Generated by org.testng.reporters.JUnitReportReporter -->
<testsuite skipped="0" hostname="DESKTOP-N1ION3R" name="com.qa.pages.HomePage" tests="1" failures="0" timestamp="08 Jul 2020 12:29:29 GMT" time="0.008" errors="0">
  <testcase name="qtest" time="0.008" classname="com.qa.pages.HomePage"/>
</testsuite> <!-- com.qa.pages.HomePage -->
