<?xml version="1.0" encoding="UTF-8"?>
<!-- Generated by org.testng.reporters.JUnitReportReporter -->
<testsuite skipped="0" hostname="DESKTOP-N1ION3R" name="com.qa.base.Page" tests="1" failures="0" timestamp="08 Jul 2020 12:08:15 GMT" time="0.008" errors="0">
  <testcase name="qtest" time="0.008" classname="com.qa.base.Page"/>
</testsuite> <!-- com.qa.base.Page -->
